A D/arm////
A D/bfin////
A D/config////
A D/cr16////
A D/cris////
A D/crx////
A D/d30v////
A D/doc////
A D/fr30////
A D/frv////
A D/hp74x////
A D/i386////
A D/i960////
A D/iq2000////
A D/libnosys////
A D/lm32////
A D/m32c////
A D/m32r////
A D/m68hc11////
A D/m68k////
A D/mcore////
A D/mep////
A D/microblaze////
A D/mips////
A D/mn10200////
A D/mn10300////
A D/moxie////
A D/ms1////
A D/mt////
A D/pa////
A D/rs6000////
A D/rx////
A D/sh////
A D/sparc////
A D/spu////
A D/testsuite////
A D/tic6x////
A D/v850////
A D/wince////
A D/xc16x////
A D/xstormy16////
