A D/a29k////
A D/arc////
A D/arm////
A D/bfin////
A D/cr16////
A D/cris////
A D/crx////
A D/d10v////
A D/d30v////
A D/fr30////
A D/frv////
A D/h8300////
A D/h8500////
A D/hppa////
A D/i386////
A D/i960////
A D/iq2000////
A D/lm32////
A D/m32c////
A D/m32r////
A D/m68hc11////
A D/m68k////
A D/m88k////
A D/mep////
A D/microblaze////
A D/mips////
A D/mn10200////
A D/mn10300////
A D/moxie////
A D/ms1////
A D/mt////
A D/necv70////
A D/powerpc////
A D/rx////
A D/sh////
A D/sparc////
A D/spu////
A D/tic4x////
A D/tic6x////
A D/tic80////
A D/v850////
A D/w65////
A D/x86_64////
A D/xc16x////
A D/xscale////
A D/xstormy16////
A D/z8k////
